[01m[K/home/ayush/Documents/ros_ws/src/articubot_one/src/joint_publisher.cpp:[m[K In member function â€˜[01m[Kvoid ArmPositionPublisher::arm_pos_callback(std_msgs::msg::Float64_<std::allocator<void> >::SharedPtr)[m[Kâ€™:
[01m[K/home/ayush/Documents/ros_ws/src/articubot_one/src/joint_publisher.cpp:95:9:[m[K [01;31m[Kerror: [m[Kâ€˜[01m[Kcmd_vel_pub_[m[Kâ€™ was not declared in this scope; did you mean â€˜[01m[Kcmd_vel_msg[m[Kâ€™?
   95 |         [01;31m[Kcmd_vel_pub_[m[K->publish(cmd_vel_msg);
      |         [01;31m[K^~~~~~~~~~~~[m[K
      |         [32m[Kcmd_vel_msg[m[K
gmake[2]: *** [CMakeFiles/joint_publisher.dir/build.make:76: CMakeFiles/joint_publisher.dir/src/joint_publisher.cpp.o] Error 1
gmake[1]: *** [CMakeFiles/Makefile2:137: CMakeFiles/joint_publisher.dir/all] Error 2
gmake: *** [Makefile:146: all] Error 2
