[0.008s] Invoking command in '/home/ayush/Documents/ros_ws/build/articubot_one': CMAKE_PREFIX_PATH=${CMAKE_PREFIX_PATH}:/opt/ros/humble /usr/bin/cmake --build /home/ayush/Documents/ros_ws/build/articubot_one -- -j12 -l12
[0.036s] [35m[1mConsolidate compiler generated dependencies of target joint_publisher[0m
[0.044s] [ 50%] Built target keyboard_control
[0.047s] [ 75%] [32mBuilding CXX object CMakeFiles/joint_publisher.dir/src/joint_publisher.cpp.o[0m
[1.580s] [01m[K/home/ayush/Documents/ros_ws/src/articubot_one/src/joint_publisher.cpp:71:49:[m[K [01;31m[Kerror: [m[Kâ€˜[01m[Kfloat64_multi_array[m[Kâ€™ in namespace â€˜[01m[Kstd_msgs::msg[m[Kâ€™ does not name a type; did you mean â€˜[01m[KFloat64MultiArray[m[Kâ€™?
[1.580s]    71 |     void goal_pos_callback(const std_msgs::msg::[01;31m[Kfloat64_multi_array[m[K::SharedPtr msg)
[1.580s]       |                                                 [01;31m[K^~~~~~~~~~~~~~~~~~~[m[K
[1.580s]       |                                                 [32m[KFloat64MultiArray[m[K
[1.580s] [01m[K/home/ayush/Documents/ros_ws/src/articubot_one/src/joint_publisher.cpp:71:80:[m[K [01;31m[Kerror: [m[Kexpected unqualified-id before â€˜[01m[Kmsg[m[Kâ€™
[1.580s]    71 |     void goal_pos_callback(const std_msgs::msg::float64_multi_array::SharedPtr [01;31m[Kmsg[m[K)
[1.580s]       |                                                                                [01;31m[K^~~[m[K
[1.580s] [01m[K/home/ayush/Documents/ros_ws/src/articubot_one/src/joint_publisher.cpp:71:79:[m[K [01;31m[Kerror: [m[Kexpected â€˜[01m[K)[m[Kâ€™ before â€˜[01m[Kmsg[m[Kâ€™
[1.580s]    71 |     void goal_pos_callback[34m[K([m[Kconst std_msgs::msg::float64_multi_array::SharedPtr[01;31m[K [m[K[32m[Kmsg[m[K)
[1.580s]       |                           [34m[K~[m[K                                                   [01;31m[K^[m[K[32m[K~~~[m[K
[1.581s]       |                                                                               [32m[K)[m[K
[1.581s] [01m[K/home/ayush/Documents/ros_ws/src/articubot_one/src/joint_publisher.cpp:71:70:[m[K [01;31m[Kerror: [m[Kexpected â€˜[01m[K;[m[Kâ€™ at end of member declaration
[1.581s]    71 |     void goal_pos_callback(const std_msgs::msg::float64_multi_array::[01;31m[KSharedPtr[m[K msg)
[1.581s]       |                                                                      [01;31m[K^~~~~~~~~[m[K
[1.581s]       |                                                                               [32m[K;[m[K
[1.581s] [01m[K/home/ayush/Documents/ros_ws/src/articubot_one/src/joint_publisher.cpp:71:80:[m[K [01;31m[Kerror: [m[Kâ€˜[01m[Kmsg[m[Kâ€™ does not name a type
[1.581s]    71 |     void goal_pos_callback(const std_msgs::msg::float64_multi_array::SharedPtr [01;31m[Kmsg[m[K)
[1.581s]       |                                                                                [01;31m[K^~~[m[K
[1.606s] [01m[K/home/ayush/Documents/ros_ws/src/articubot_one/src/joint_publisher.cpp:100:41:[m[K [01;31m[Kerror: [m[Kâ€˜[01m[Kfloat64_multi_array[m[Kâ€™ is not a member of â€˜[01m[Kstd_msgs::msg[m[Kâ€™; did you mean â€˜[01m[KFloat64MultiArray[m[Kâ€™?
[1.606s]   100 |     rclcpp::Subscription<std_msgs::msg::[01;31m[Kfloat64_multi_array[m[K>::SharedPtr goal_pos_sub_;
[1.606s]       |                                         [01;31m[K^~~~~~~~~~~~~~~~~~~[m[K
[1.606s]       |                                         [32m[KFloat64MultiArray[m[K
[1.606s] [01m[K/home/ayush/Documents/ros_ws/src/articubot_one/src/joint_publisher.cpp:100:60:[m[K [01;31m[Kerror: [m[Ktemplate argument 1 is invalid
[1.606s]   100 |     rclcpp::Subscription<std_msgs::msg::float64_multi_array[01;31m[K>[m[K::SharedPtr goal_pos_sub_;
[1.606s]       |                                                            [01;31m[K^[m[K
[1.607s] [01m[K/home/ayush/Documents/ros_ws/src/articubot_one/src/joint_publisher.cpp:100:60:[m[K [01;31m[Kerror: [m[Ktemplate argument 3 is invalid
[1.607s] [01m[K/home/ayush/Documents/ros_ws/src/articubot_one/src/joint_publisher.cpp:100:60:[m[K [01;31m[Kerror: [m[Ktemplate argument 4 is invalid
[1.607s] [01m[K/home/ayush/Documents/ros_ws/src/articubot_one/src/joint_publisher.cpp:100:60:[m[K [01;31m[Kerror: [m[Ktemplate argument 5 is invalid
[1.607s] [01m[K/home/ayush/Documents/ros_ws/src/articubot_one/src/joint_publisher.cpp:100:63:[m[K [01;31m[Kerror: [m[Kexpected â€˜[01m[K;[m[Kâ€™ at end of member declaration
[1.607s]   100 |     rclcpp::Subscription<std_msgs::msg::float64_multi_array>::[01;31m[KSharedPtr[m[K goal_pos_sub_;
[1.607s]       |                                                               [01;31m[K^~~~~~~~~[m[K
[1.607s]       |                                                                        [32m[K;[m[K
[1.608s] [01m[K/home/ayush/Documents/ros_ws/src/articubot_one/src/joint_publisher.cpp:100:73:[m[K [01;31m[Kerror: [m[Kâ€˜[01m[Kgoal_pos_sub_[m[Kâ€™ does not name a type
[1.608s]   100 |     rclcpp::Subscription<std_msgs::msg::float64_multi_array>::SharedPtr [01;31m[Kgoal_pos_sub_[m[K;
[1.608s]       |                                                                         [01;31m[K^~~~~~~~~~~~~[m[K
[1.610s] [01m[K/home/ayush/Documents/ros_ws/src/articubot_one/src/joint_publisher.cpp:104:43:[m[K [01;31m[Kerror: [m[Kâ€˜[01m[Kpose_stamped[m[Kâ€™ is not a member of â€˜[01m[Kgeometry_msgs::msg[m[Kâ€™; did you mean â€˜[01m[KPoseStamped[m[Kâ€™?
[1.610s]   104 |     rclcpp::Publisher<geometry_msgs::msg::[01;31m[Kpose_stamped[m[K>::SharedPtr goal_pos_pub_;
[1.610s]       |                                           [01;31m[K^~~~~~~~~~~~[m[K
[1.610s]       |                                           [32m[KPoseStamped[m[K
[1.610s] [01m[K/home/ayush/Documents/ros_ws/src/articubot_one/src/joint_publisher.cpp:104:55:[m[K [01;31m[Kerror: [m[Ktemplate argument 1 is invalid
[1.610s]   104 |     rclcpp::Publisher<geometry_msgs::msg::pose_stamped[01;31m[K>[m[K::SharedPtr goal_pos_pub_;
[1.611s]       |                                                       [01;31m[K^[m[K
[1.611s] [01m[K/home/ayush/Documents/ros_ws/src/articubot_one/src/joint_publisher.cpp:104:58:[m[K [01;31m[Kerror: [m[Kexpected â€˜[01m[K;[m[Kâ€™ at end of member declaration
[1.611s]   104 |     rclcpp::Publisher<geometry_msgs::msg::pose_stamped>::[01;31m[KSharedPtr[m[K goal_pos_pub_;
[1.611s]       |                                                          [01;31m[K^~~~~~~~~[m[K
[1.611s]       |                                                                   [32m[K;[m[K
[1.611s] [01m[K/home/ayush/Documents/ros_ws/src/articubot_one/src/joint_publisher.cpp:104:58:[m[K [01;31m[Kerror: [m[Kredeclaration of â€˜[01m[Kint position_publisher::SharedPtr[m[Kâ€™
[1.611s] [01m[K/home/ayush/Documents/ros_ws/src/articubot_one/src/joint_publisher.cpp:100:63:[m[K [01;36m[Knote: [m[Kprevious declaration â€˜[01m[Kint position_publisher::SharedPtr[m[Kâ€™
[1.611s]   100 |     rclcpp::Subscription<std_msgs::msg::float64_multi_array>::[01;36m[KSharedPtr[m[K goal_pos_sub_;
[1.611s]       |                                                               [01;36m[K^~~~~~~~~[m[K
[1.612s] [01m[K/home/ayush/Documents/ros_ws/src/articubot_one/src/joint_publisher.cpp:104:68:[m[K [01;31m[Kerror: [m[Kâ€˜[01m[Kgoal_pos_pub_[m[Kâ€™ does not name a type
[1.612s]   104 |     rclcpp::Publisher<geometry_msgs::msg::pose_stamped>::SharedPtr [01;31m[Kgoal_pos_pub_[m[K;
[1.612s]       |                                                                    [01;31m[K^~~~~~~~~~~~~[m[K
[1.623s] [01m[K/home/ayush/Documents/ros_ws/src/articubot_one/src/joint_publisher.cpp:[m[K In constructor â€˜[01m[Kposition_publisher::position_publisher()[m[Kâ€™:
[1.623s] [01m[K/home/ayush/Documents/ros_ws/src/articubot_one/src/joint_publisher.cpp:30:9:[m[K [01;31m[Kerror: [m[Kâ€˜[01m[Kgoal_pos_sub_[m[Kâ€™ was not declared in this scope; did you mean â€˜[01m[Karm_pos_sub_[m[Kâ€™?
[1.623s]    30 |         [01;31m[Kgoal_pos_sub_[m[K = this->create_subscription<std_msgs::msg::float64_multi_array>(
[1.623s]       |         [01;31m[K^~~~~~~~~~~~~[m[K
[1.623s]       |         [32m[Karm_pos_sub_[m[K
[1.623s] [01m[K/home/ayush/Documents/ros_ws/src/articubot_one/src/joint_publisher.cpp:30:66:[m[K [01;31m[Kerror: [m[Kâ€˜[01m[Kfloat64_multi_array[m[Kâ€™ is not a member of â€˜[01m[Kstd_msgs::msg[m[Kâ€™; did you mean â€˜[01m[KFloat64MultiArray[m[Kâ€™?
[1.623s]    30 |         goal_pos_sub_ = this->create_subscription<std_msgs::msg::[01;31m[Kfloat64_multi_array[m[K>(
[1.623s]       |                                                                  [01;31m[K^~~~~~~~~~~~~~~~~~~[m[K
[1.623s]       |                                                                  [32m[KFloat64MultiArray[m[K
[1.623s] [01m[K/home/ayush/Documents/ros_ws/src/articubot_one/src/joint_publisher.cpp:31:41:[m[K [01;31m[Kerror: [m[Kâ€˜[01m[KGoalPublisher[m[Kâ€™ has not been declared
[1.623s]    31 |             "/goal_pos", 10, std::bind(&[01;31m[KGoalPublisher[m[K::goal_pos_callback, this, std::placeholders::_1));
[1.623s]       |                                         [01;31m[K^~~~~~~~~~~~~[m[K
[1.628s] [01m[K/home/ayush/Documents/ros_ws/src/articubot_one/src/joint_publisher.cpp:35:9:[m[K [01;31m[Kerror: [m[Kâ€˜[01m[Kgoal_pos_pub_[m[Kâ€™ was not declared in this scope
[1.628s]    35 |         [01;31m[Kgoal_pos_pub_[m[K = this->create_publisher<geometry_msgs::msg::pose_stamped>("/goal_pose", 10);
[1.628s]       |         [01;31m[K^~~~~~~~~~~~~[m[K
[1.628s] [01m[K/home/ayush/Documents/ros_ws/src/articubot_one/src/joint_publisher.cpp:35:68:[m[K [01;31m[Kerror: [m[Kâ€˜[01m[Kpose_stamped[m[Kâ€™ is not a member of â€˜[01m[Kgeometry_msgs::msg[m[Kâ€™; did you mean â€˜[01m[KPoseStamped[m[Kâ€™?
[1.628s]    35 |         goal_pos_pub_ = this->create_publisher<geometry_msgs::msg::[01;31m[Kpose_stamped[m[K>("/goal_pose", 10);
[1.628s]       |                                                                    [01;31m[K^~~~~~~~~~~~[m[K
[1.628s]       |                                                                    [32m[KPoseStamped[m[K
[1.628s] [01m[K/home/ayush/Documents/ros_ws/src/articubot_one/src/joint_publisher.cpp:35:81:[m[K [01;31m[Kerror: [m[Kno matching function for call to â€˜[01m[Kposition_publisher::create_publisher<<expression error> >(const char [11], int)[m[Kâ€™
[1.629s]    35 |         goal_pos_pub_ = [01;31m[Kthis->create_publisher<geometry_msgs::msg::pose_stamped>("/goal_pose", 10)[m[K;
[1.629s]       |                         [01;31m[K~~~~~~~~~~~~~~~~~~~~~~~~~~~~~~~~~~~~~~~~~~~~~~~~~~~~~~~~^~~~~~~~~~~~~~~~~~[m[K
[1.629s] In file included from [01m[K/opt/ros/humble/include/rclcpp/rclcpp/node.hpp:1321[m[K,
[1.629s]                  from [01m[K/opt/ros/humble/include/rclcpp/rclcpp/executors/single_threaded_executor.hpp:28[m[K,
[1.629s]                  from [01m[K/opt/ros/humble/include/rclcpp/rclcpp/executors.hpp:22[m[K,
[1.629s]                  from [01m[K/opt/ros/humble/include/rclcpp/rclcpp/rclcpp.hpp:155[m[K,
[1.629s]                  from [01m[K/home/ayush/Documents/ros_ws/src/articubot_one/src/joint_publisher.cpp:11[m[K:
[1.629s] [01m[K/opt/ros/humble/include/rclcpp/rclcpp/node_impl.hpp:73:1:[m[K [01;36m[Knote: [m[Kcandidate: â€˜[01m[Ktemplate<class MessageT, class AllocatorT, class PublisherT> std::shared_ptr<PublisherT> rclcpp::Node::create_publisher(const string&, const rclcpp::QoS&, const rclcpp::PublisherOptionsWithAllocator<AllocatorT>&)[m[Kâ€™
[1.629s]    73 | [01;36m[KNode[m[K::create_publisher(
[1.629s]       | [01;36m[K^~~~[m[K
[1.629s] [01m[K/opt/ros/humble/include/rclcpp/rclcpp/node_impl.hpp:73:1:[m[K [01;36m[Knote: [m[K  template argument deduction/substitution failed:
[1.629s] [01m[K/home/ayush/Documents/ros_ws/src/articubot_one/src/joint_publisher.cpp:35:81:[m[K [01;31m[Kerror: [m[Ktemplate argument 1 is invalid
[1.629s]    35 |         goal_pos_pub_ = [01;31m[Kthis->create_publisher<geometry_msgs::msg::pose_stamped>("/goal_pose", 10)[m[K;
[1.629s]       |                         [01;31m[K~~~~~~~~~~~~~~~~~~~~~~~~~~~~~~~~~~~~~~~~~~~~~~~~~~~~~~~~^~~~~~~~~~~~~~~~~~[m[K
[3.336s] gmake[2]: *** [CMakeFiles/joint_publisher.dir/build.make:76: CMakeFiles/joint_publisher.dir/src/joint_publisher.cpp.o] Error 1
[3.336s] gmake[1]: *** [CMakeFiles/Makefile2:139: CMakeFiles/joint_publisher.dir/all] Error 2
[3.336s] gmake: *** [Makefile:146: all] Error 2
[3.338s] Invoked command in '/home/ayush/Documents/ros_ws/build/articubot_one' returned '2': CMAKE_PREFIX_PATH=${CMAKE_PREFIX_PATH}:/opt/ros/humble /usr/bin/cmake --build /home/ayush/Documents/ros_ws/build/articubot_one -- -j12 -l12
