[0.007s] Invoking command in '/home/ayush/Documents/ros_ws/build/articubot_one': CMAKE_PREFIX_PATH=${CMAKE_PREFIX_PATH}:/opt/ros/humble /usr/bin/cmake --build /home/ayush/Documents/ros_ws/build/articubot_one -- -j12 -l12
[0.027s] -- Found ament_cmake: 1.3.11 (/opt/ros/humble/share/ament_cmake/cmake)
[0.127s] -- Found rclcpp: 16.0.11 (/opt/ros/humble/share/rclcpp/cmake)
[0.156s] -- Found rosidl_generator_c: 3.1.6 (/opt/ros/humble/share/rosidl_generator_c/cmake)
[0.159s] -- Found rosidl_adapter: 3.1.6 (/opt/ros/humble/share/rosidl_adapter/cmake)
[0.166s] -- Found rosidl_generator_cpp: 3.1.6 (/opt/ros/humble/share/rosidl_generator_cpp/cmake)
[0.176s] -- Using all available rosidl_typesupport_c: rosidl_typesupport_fastrtps_c;rosidl_typesupport_introspection_c
[0.188s] -- Using all available rosidl_typesupport_cpp: rosidl_typesupport_fastrtps_cpp;rosidl_typesupport_introspection_cpp
[0.218s] -- Found rmw_implementation_cmake: 6.1.2 (/opt/ros/humble/share/rmw_implementation_cmake/cmake)
[0.220s] -- Found rmw_fastrtps_cpp: 6.2.7 (/opt/ros/humble/share/rmw_fastrtps_cpp/cmake)
[0.292s] -- Using RMW implementation 'rmw_fastrtps_cpp' as default
[0.334s] -- Found trajectory_msgs: 4.2.4 (/opt/ros/humble/share/trajectory_msgs/cmake)
[0.358s] -- Found sensor_msgs: 4.2.4 (/opt/ros/humble/share/sensor_msgs/cmake)
[0.373s] -- Found ament_lint_auto: 0.12.11 (/opt/ros/humble/share/ament_lint_auto/cmake)
[0.424s] -- Added test 'copyright' to check source files copyright and LICENSE
[0.425s] -- Added test 'cppcheck' to perform static code analysis on C / C++ code
[0.425s] -- Configured cppcheck include dirs: 
[0.425s] -- Configured cppcheck exclude dirs and/or files: 
[0.426s] -- Added test 'cpplint' to check C / C++ code against the Google style
[0.426s] -- Configured cpplint exclude dirs and/or files: 
[0.427s] -- Added test 'flake8' to check Python code syntax and style conventions
[0.427s] -- Added test 'lint_cmake' to check CMake code style
[0.427s] -- Added test 'pep257' to check Python code against some of the docstring style conventions in PEP 257
[0.428s] -- Added test 'uncrustify' to check C / C++ code style
[0.428s] -- Configured uncrustify additional arguments: 
[0.429s] -- Added test 'xmllint' to check XML markup files
[0.430s] -- Configuring done
[0.445s] -- Generating done
[0.451s] -- Build files have been written to: /home/ayush/Documents/ros_ws/build/articubot_one
[0.474s] [35m[1mConsolidate compiler generated dependencies of target joint_publisher[0m
[0.474s] [35m[1mConsolidate compiler generated dependencies of target keyboard_control[0m
[0.486s] [ 75%] [32mBuilding CXX object CMakeFiles/joint_publisher.dir/src/joint_publisher.cpp.o[0m
[0.486s] [ 75%] Built target keyboard_control
[0.629s] [01m[K/home/ayush/Documents/ros_ws/src/articubot_one/src/joint_publisher.cpp:13:10:[m[K [01;31m[Kfatal error: [m[Kstd_msgs/msg/Float64MultiArray.hpp: No such file or directory
[0.629s]    13 | #include [01;31m[K"std_msgs/msg/Float64MultiArray.hpp"[m[K
[0.629s]       |          [01;31m[K^~~~~~~~~~~~~~~~~~~~~~~~~~~~~~~~~~~~[m[K
[0.629s] compilation terminated.
[0.638s] gmake[2]: *** [CMakeFiles/joint_publisher.dir/build.make:76: CMakeFiles/joint_publisher.dir/src/joint_publisher.cpp.o] Error 1
[0.638s] gmake[1]: *** [CMakeFiles/Makefile2:139: CMakeFiles/joint_publisher.dir/all] Error 2
[0.639s] gmake: *** [Makefile:146: all] Error 2
[0.641s] Invoked command in '/home/ayush/Documents/ros_ws/build/articubot_one' returned '2': CMAKE_PREFIX_PATH=${CMAKE_PREFIX_PATH}:/opt/ros/humble /usr/bin/cmake --build /home/ayush/Documents/ros_ws/build/articubot_one -- -j12 -l12
