[ 75%] Built target keyboard_control
[ 75%] [32mBuilding CXX object CMakeFiles/joint_publisher.dir/src/joint_publisher.cpp.o[0m
[01m[K/home/ayush/Documents/ros_ws/src/articubot_one/src/joint_publisher.cpp:127:10:[m[K [01;31m[Kfatal error: [m[Kgeometry_msgs/msg/PoseStamped.hpp: No such file or directory
  127 | #include [01;31m[K"geometry_msgs/msg/PoseStamped.hpp"[m[K
      |          [01;31m[K^~~~~~~~~~~~~~~~~~~~~~~~~~~~~~~~~~~[m[K
compilation terminated.
gmake[2]: *** [CMakeFiles/joint_publisher.dir/build.make:76: CMakeFiles/joint_publisher.dir/src/joint_publisher.cpp.o] Error 1
gmake[1]: *** [CMakeFiles/Makefile2:139: CMakeFiles/joint_publisher.dir/all] Error 2
gmake: *** [Makefile:146: all] Error 2
