[0.007s] Invoking command in '/home/ayush/Documents/ros_ws/build/articubot_one': CMAKE_PREFIX_PATH=${CMAKE_PREFIX_PATH}:/opt/ros/humble /usr/bin/cmake --build /home/ayush/Documents/ros_ws/build/articubot_one -- -j12 -l12
[0.036s] [35m[1mConsolidate compiler generated dependencies of target joint_publisher[0m
[0.045s] [ 50%] Built target keyboard_control
[0.048s] [ 75%] [32mBuilding CXX object CMakeFiles/joint_publisher.dir/src/joint_publisher.cpp.o[0m
[1.582s] [01m[K/home/ayush/Documents/ros_ws/src/articubot_one/src/joint_publisher.cpp:71:49:[m[K [01;31m[Kerror: [m[Kâ€˜[01m[Kfloat64_multi_array[m[Kâ€™ in namespace â€˜[01m[Kstd_msgs::msg[m[Kâ€™ does not name a type; did you mean â€˜[01m[KFloat64MultiArray[m[Kâ€™?
[1.582s]    71 |     void goal_pos_callback(const std_msgs::msg::[01;31m[Kfloat64_multi_array[m[K::SharedPtr msg)
[1.582s]       |                                                 [01;31m[K^~~~~~~~~~~~~~~~~~~[m[K
[1.582s]       |                                                 [32m[KFloat64MultiArray[m[K
[1.582s] [01m[K/home/ayush/Documents/ros_ws/src/articubot_one/src/joint_publisher.cpp:71:80:[m[K [01;31m[Kerror: [m[Kexpected unqualified-id before â€˜[01m[Kmsg[m[Kâ€™
[1.582s]    71 |     void goal_pos_callback(const std_msgs::msg::float64_multi_array::SharedPtr [01;31m[Kmsg[m[K)
[1.582s]       |                                                                                [01;31m[K^~~[m[K
[1.582s] [01m[K/home/ayush/Documents/ros_ws/src/articubot_one/src/joint_publisher.cpp:71:79:[m[K [01;31m[Kerror: [m[Kexpected â€˜[01m[K)[m[Kâ€™ before â€˜[01m[Kmsg[m[Kâ€™
[1.582s]    71 |     void goal_pos_callback[34m[K([m[Kconst std_msgs::msg::float64_multi_array::SharedPtr[01;31m[K [m[K[32m[Kmsg[m[K)
[1.582s]       |                           [34m[K~[m[K                                                   [01;31m[K^[m[K[32m[K~~~[m[K
[1.583s]       |                                                                               [32m[K)[m[K
[1.583s] [01m[K/home/ayush/Documents/ros_ws/src/articubot_one/src/joint_publisher.cpp:71:70:[m[K [01;31m[Kerror: [m[Kexpected â€˜[01m[K;[m[Kâ€™ at end of member declaration
[1.583s]    71 |     void goal_pos_callback(const std_msgs::msg::float64_multi_array::[01;31m[KSharedPtr[m[K msg)
[1.583s]       |                                                                      [01;31m[K^~~~~~~~~[m[K
[1.583s]       |                                                                               [32m[K;[m[K
[1.583s] [01m[K/home/ayush/Documents/ros_ws/src/articubot_one/src/joint_publisher.cpp:71:80:[m[K [01;31m[Kerror: [m[Kâ€˜[01m[Kmsg[m[Kâ€™ does not name a type
[1.583s]    71 |     void goal_pos_callback(const std_msgs::msg::float64_multi_array::SharedPtr [01;31m[Kmsg[m[K)
[1.583s]       |                                                                                [01;31m[K^~~[m[K
[1.610s] [01m[K/home/ayush/Documents/ros_ws/src/articubot_one/src/joint_publisher.cpp:100:41:[m[K [01;31m[Kerror: [m[Kâ€˜[01m[Kfloat64_multi_array[m[Kâ€™ is not a member of â€˜[01m[Kstd_msgs::msg[m[Kâ€™; did you mean â€˜[01m[KFloat64MultiArray[m[Kâ€™?
[1.610s]   100 |     rclcpp::Subscription<std_msgs::msg::[01;31m[Kfloat64_multi_array[m[K>::SharedPtr goal_pos_sub_;
[1.610s]       |                                         [01;31m[K^~~~~~~~~~~~~~~~~~~[m[K
[1.610s]       |                                         [32m[KFloat64MultiArray[m[K
[1.610s] [01m[K/home/ayush/Documents/ros_ws/src/articubot_one/src/joint_publisher.cpp:100:60:[m[K [01;31m[Kerror: [m[Ktemplate argument 1 is invalid
[1.610s]   100 |     rclcpp::Subscription<std_msgs::msg::float64_multi_array[01;31m[K>[m[K::SharedPtr goal_pos_sub_;
[1.610s]       |                                                            [01;31m[K^[m[K
[1.610s] [01m[K/home/ayush/Documents/ros_ws/src/articubot_one/src/joint_publisher.cpp:100:60:[m[K [01;31m[Kerror: [m[Ktemplate argument 3 is invalid
[1.610s] [01m[K/home/ayush/Documents/ros_ws/src/articubot_one/src/joint_publisher.cpp:100:60:[m[K [01;31m[Kerror: [m[Ktemplate argument 4 is invalid
[1.610s] [01m[K/home/ayush/Documents/ros_ws/src/articubot_one/src/joint_publisher.cpp:100:60:[m[K [01;31m[Kerror: [m[Ktemplate argument 5 is invalid
[1.610s] [01m[K/home/ayush/Documents/ros_ws/src/articubot_one/src/joint_publisher.cpp:100:63:[m[K [01;31m[Kerror: [m[Kexpected â€˜[01m[K;[m[Kâ€™ at end of member declaration
[1.610s]   100 |     rclcpp::Subscription<std_msgs::msg::float64_multi_array>::[01;31m[KSharedPtr[m[K goal_pos_sub_;
[1.610s]       |                                                               [01;31m[K^~~~~~~~~[m[K
[1.610s]       |                                                                        [32m[K;[m[K
[1.612s] [01m[K/home/ayush/Documents/ros_ws/src/articubot_one/src/joint_publisher.cpp:100:73:[m[K [01;31m[Kerror: [m[Kâ€˜[01m[Kgoal_pos_sub_[m[Kâ€™ does not name a type
[1.612s]   100 |     rclcpp::Subscription<std_msgs::msg::float64_multi_array>::SharedPtr [01;31m[Kgoal_pos_sub_[m[K;
[1.612s]       |                                                                         [01;31m[K^~~~~~~~~~~~~[m[K
[1.614s] [01m[K/home/ayush/Documents/ros_ws/src/articubot_one/src/joint_publisher.cpp:104:43:[m[K [01;31m[Kerror: [m[Kâ€˜[01m[Kpose_stamped[m[Kâ€™ is not a member of â€˜[01m[Kgeometry_msgs::msg[m[Kâ€™; did you mean â€˜[01m[KPoseStamped[m[Kâ€™?
[1.614s]   104 |     rclcpp::Publisher<geometry_msgs::msg::[01;31m[Kpose_stamped[m[K>::SharedPtr goal_pos_pub_;
[1.614s]       |                                           [01;31m[K^~~~~~~~~~~~[m[K
[1.614s]       |                                           [32m[KPoseStamped[m[K
[1.614s] [01m[K/home/ayush/Documents/ros_ws/src/articubot_one/src/joint_publisher.cpp:104:55:[m[K [01;31m[Kerror: [m[Ktemplate argument 1 is invalid
[1.614s]   104 |     rclcpp::Publisher<geometry_msgs::msg::pose_stamped[01;31m[K>[m[K::SharedPtr goal_pos_pub_;
[1.614s]       |                                                       [01;31m[K^[m[K
[1.614s] [01m[K/home/ayush/Documents/ros_ws/src/articubot_one/src/joint_publisher.cpp:104:58:[m[K [01;31m[Kerror: [m[Kexpected â€˜[01m[K;[m[Kâ€™ at end of member declaration
[1.614s]   104 |     rclcpp::Publisher<geometry_msgs::msg::pose_stamped>::[01;31m[KSharedPtr[m[K goal_pos_pub_;
[1.614s]       |                                                          [01;31m[K^~~~~~~~~[m[K
[1.614s]       |                                                                   [32m[K;[m[K
[1.614s] [01m[K/home/ayush/Documents/ros_ws/src/articubot_one/src/joint_publisher.cpp:104:58:[m[K [01;31m[Kerror: [m[Kredeclaration of â€˜[01m[Kint position_publisher::SharedPtr[m[Kâ€™
[1.614s] [01m[K/home/ayush/Documents/ros_ws/src/articubot_one/src/joint_publisher.cpp:100:63:[m[K [01;36m[Knote: [m[Kprevious declaration â€˜[01m[Kint position_publisher::SharedPtr[m[Kâ€™
[1.614s]   100 |     rclcpp::Subscription<std_msgs::msg::float64_multi_array>::[01;36m[KSharedPtr[m[K goal_pos_sub_;
[1.614s]       |                                                               [01;36m[K^~~~~~~~~[m[K
[1.616s] [01m[K/home/ayush/Documents/ros_ws/src/articubot_one/src/joint_publisher.cpp:104:68:[m[K [01;31m[Kerror: [m[Kâ€˜[01m[Kgoal_pos_pub_[m[Kâ€™ does not name a type
[1.616s]   104 |     rclcpp::Publisher<geometry_msgs::msg::pose_stamped>::SharedPtr [01;31m[Kgoal_pos_pub_[m[K;
[1.616s]       |                                                                    [01;31m[K^~~~~~~~~~~~~[m[K
[1.627s] [01m[K/home/ayush/Documents/ros_ws/src/articubot_one/src/joint_publisher.cpp:[m[K In constructor â€˜[01m[Kposition_publisher::position_publisher()[m[Kâ€™:
[1.627s] [01m[K/home/ayush/Documents/ros_ws/src/articubot_one/src/joint_publisher.cpp:30:9:[m[K [01;31m[Kerror: [m[Kâ€˜[01m[Kgoal_pos_sub_[m[Kâ€™ was not declared in this scope; did you mean â€˜[01m[Karm_pos_sub_[m[Kâ€™?
[1.627s]    30 |         [01;31m[Kgoal_pos_sub_[m[K = this->create_subscription<std_msgs::msg::float64_multi_array>(
[1.627s]       |         [01;31m[K^~~~~~~~~~~~~[m[K
[1.627s]       |         [32m[Karm_pos_sub_[m[K
[1.627s] [01m[K/home/ayush/Documents/ros_ws/src/articubot_one/src/joint_publisher.cpp:30:66:[m[K [01;31m[Kerror: [m[Kâ€˜[01m[Kfloat64_multi_array[m[Kâ€™ is not a member of â€˜[01m[Kstd_msgs::msg[m[Kâ€™; did you mean â€˜[01m[KFloat64MultiArray[m[Kâ€™?
[1.627s]    30 |         goal_pos_sub_ = this->create_subscription<std_msgs::msg::[01;31m[Kfloat64_multi_array[m[K>(
[1.627s]       |                                                                  [01;31m[K^~~~~~~~~~~~~~~~~~~[m[K
[1.627s]       |                                                                  [32m[KFloat64MultiArray[m[K
[1.627s] [01m[K/home/ayush/Documents/ros_ws/src/articubot_one/src/joint_publisher.cpp:31:41:[m[K [01;31m[Kerror: [m[Kâ€˜[01m[KGoalPublisher[m[Kâ€™ has not been declared
[1.627s]    31 |             "/goal_pos", 10, std::bind(&[01;31m[KGoalPublisher[m[K::goal_pos_callback, this, std::placeholders::_1));
[1.627s]       |                                         [01;31m[K^~~~~~~~~~~~~[m[K
[3.450s] gmake[2]: *** [CMakeFiles/joint_publisher.dir/build.make:76: CMakeFiles/joint_publisher.dir/src/joint_publisher.cpp.o] Error 1
[3.450s] gmake[1]: *** [CMakeFiles/Makefile2:139: CMakeFiles/joint_publisher.dir/all] Error 2
[3.450s] gmake: *** [Makefile:146: all] Error 2
[3.453s] Invoked command in '/home/ayush/Documents/ros_ws/build/articubot_one' returned '2': CMAKE_PREFIX_PATH=${CMAKE_PREFIX_PATH}:/opt/ros/humble /usr/bin/cmake --build /home/ayush/Documents/ros_ws/build/articubot_one -- -j12 -l12
