[01m[K/home/ayush/Documents/ros_ws/src/articubot_one/src/joint_publisher.cpp:[m[K In constructor â€˜[01m[Kposition_publisher::position_publisher()[m[Kâ€™:
[01m[K/home/ayush/Documents/ros_ws/src/articubot_one/src/joint_publisher.cpp:31:41:[m[K [01;31m[Kerror: [m[Kâ€˜[01m[KGoalPublisher[m[Kâ€™ has not been declared
   31 |             "/goal_pos", 10, std::bind(&[01;31m[KGoalPublisher[m[K::goal_pos_callback, this, std::placeholders::_1));
      |                                         [01;31m[K^~~~~~~~~~~~~[m[K
gmake[2]: *** [CMakeFiles/joint_publisher.dir/build.make:76: CMakeFiles/joint_publisher.dir/src/joint_publisher.cpp.o] Error 1
gmake[1]: *** [CMakeFiles/Makefile2:139: CMakeFiles/joint_publisher.dir/all] Error 2
gmake: *** [Makefile:146: all] Error 2
