[0.007s] Invoking command in '/home/ayush/Documents/ros_ws/build/articubot_one': CMAKE_PREFIX_PATH=${CMAKE_PREFIX_PATH}:/opt/ros/humble /usr/bin/cmake --build /home/ayush/Documents/ros_ws/build/articubot_one -- -j12 -l12
[0.036s] [35m[1mConsolidate compiler generated dependencies of target joint_publisher[0m
[0.045s] [ 50%] Built target keyboard_control
[0.049s] [ 75%] [32mBuilding CXX object CMakeFiles/joint_publisher.dir/src/joint_publisher.cpp.o[0m
[1.612s] [01m[K/home/ayush/Documents/ros_ws/src/articubot_one/src/joint_publisher.cpp:[m[K In constructor â€˜[01m[Kposition_publisher::position_publisher()[m[Kâ€™:
[1.612s] [01m[K/home/ayush/Documents/ros_ws/src/articubot_one/src/joint_publisher.cpp:31:41:[m[K [01;31m[Kerror: [m[Kâ€˜[01m[KGoalPublisher[m[Kâ€™ has not been declared
[1.612s]    31 |             "/goal_pos", 10, std::bind(&[01;31m[KGoalPublisher[m[K::goal_pos_callback, this, std::placeholders::_1));
[1.612s]       |                                         [01;31m[K^~~~~~~~~~~~~[m[K
[3.371s] gmake[2]: *** [CMakeFiles/joint_publisher.dir/build.make:76: CMakeFiles/joint_publisher.dir/src/joint_publisher.cpp.o] Error 1
[3.371s] gmake[1]: *** [CMakeFiles/Makefile2:139: CMakeFiles/joint_publisher.dir/all] Error 2
[3.372s] gmake: *** [Makefile:146: all] Error 2
[3.374s] Invoked command in '/home/ayush/Documents/ros_ws/build/articubot_one' returned '2': CMAKE_PREFIX_PATH=${CMAKE_PREFIX_PATH}:/opt/ros/humble /usr/bin/cmake --build /home/ayush/Documents/ros_ws/build/articubot_one -- -j12 -l12
