[01m[K/home/ayush/Documents/ros_ws/src/articubot_one/src/joint_publisher.cpp:122:10:[m[K [01;31m[Kfatal error: [m[Kstd_msgs/msg/Float64MultiArray.hpp: No such file or directory
  122 | #include [01;31m[K"std_msgs/msg/Float64MultiArray.hpp"[m[K
      |          [01;31m[K^~~~~~~~~~~~~~~~~~~~~~~~~~~~~~~~~~~~[m[K
compilation terminated.
gmake[2]: *** [CMakeFiles/joint_publisher.dir/build.make:76: CMakeFiles/joint_publisher.dir/src/joint_publisher.cpp.o] Error 1
gmake[1]: *** [CMakeFiles/Makefile2:139: CMakeFiles/joint_publisher.dir/all] Error 2
gmake: *** [Makefile:146: all] Error 2
